<?xml version="1.0" encoding="UTF-8"?>
<!-- Generated by org.testng.reporters.JUnitReportReporter -->
<testsuite hostname="DESKTOP-OO1V4NK" failures="0" tests="1" name="blockudoku.BlockudokuTest" time="0.038" errors="0" timestamp="2020-12-23T10:42:06 COT" skipped="0">
  <testcase classname="blockudoku.BlockudokuTest" name="tableSizeTest" time="0.038"/>
</testsuite> <!-- blockudoku.BlockudokuTest -->
